<?xml version="1.0" encoding="UTF-8"?>
<!-- Generated by org.testng.reporters.JUnitReportReporter -->
<testsuite hostname="LIN65004405" failures="0" tests="1" name="tests.PutPatchDeleteExamples" time="2.229" errors="0" timestamp="2022-02-07T09:02:15 IST" skipped="0">
  <testcase classname="tests.PutPatchDeleteExamples" name="testpatch" time="2.229"/>
  <system-out/>
</testsuite> <!-- tests.PutPatchDeleteExamples -->
