<?xml version="1.0" encoding="UTF-8"?>
<!-- Generated by org.testng.reporters.JUnitReportReporter -->
<testsuite hostname="LIN65004405" failures="0" tests="1" name="tests.GetandPostExp" time="2.812" errors="0" timestamp="2022-02-06T21:58:48 IST" skipped="0">
  <testcase classname="tests.GetandPostExp" name="testget" time="2.812"/>
  <system-out/>
</testsuite> <!-- tests.GetandPostExp -->
